Started GET "/" for ::1 at 2023-08-01 21:32:35 +0530
  [1m[35m (1.5ms)[0m  [1m[34mSELECT sqlite_version(*)[0m
Processing by Rails::WelcomeController#index as HTML
  Rendering /Users/aniketraj/.rbenv/versions/2.7.2/lib/ruby/gems/2.7.0/gems/railties-6.0.6.1/lib/rails/templates/rails/welcome/index.html.erb
  Rendered /Users/aniketraj/.rbenv/versions/2.7.2/lib/ruby/gems/2.7.0/gems/railties-6.0.6.1/lib/rails/templates/rails/welcome/index.html.erb (Duration: 5.6ms | Allocations: 406)
Completed 200 OK in 18ms (Views: 9.2ms | ActiveRecord: 0.0ms | Allocations: 5078)


Started GET "/" for ::1 at 2023-08-01 21:33:00 +0530
  [1m[35m (0.1ms)[0m  [1m[34mSELECT sqlite_version(*)[0m
  
AbstractController::ActionNotFound (The action 'hello' could not be found for ApplicationController):
  
actionpack (6.0.6.1) lib/abstract_controller/base.rb:131:in `process'
actionview (6.0.6.1) lib/action_view/rendering.rb:39:in `process'
actionpack (6.0.6.1) lib/action_controller/metal.rb:190:in `dispatch'
actionpack (6.0.6.1) lib/action_controller/metal.rb:254:in `dispatch'
actionpack (6.0.6.1) lib/action_dispatch/routing/route_set.rb:50:in `dispatch'
actionpack (6.0.6.1) lib/action_dispatch/routing/route_set.rb:33:in `serve'
actionpack (6.0.6.1) lib/action_dispatch/journey/router.rb:49:in `block in serve'
actionpack (6.0.6.1) lib/action_dispatch/journey/router.rb:32:in `each'
actionpack (6.0.6.1) lib/action_dispatch/journey/router.rb:32:in `serve'
actionpack (6.0.6.1) lib/action_dispatch/routing/route_set.rb:834:in `call'
rack (2.2.8) lib/rack/tempfile_reaper.rb:15:in `call'
rack (2.2.8) lib/rack/etag.rb:27:in `call'
rack (2.2.8) lib/rack/conditional_get.rb:27:in `call'
rack (2.2.8) lib/rack/head.rb:12:in `call'
actionpack (6.0.6.1) lib/action_dispatch/http/content_security_policy.rb:18:in `call'
rack (2.2.8) lib/rack/session/abstract/id.rb:266:in `context'
rack (2.2.8) lib/rack/session/abstract/id.rb:260:in `call'
actionpack (6.0.6.1) lib/action_dispatch/middleware/cookies.rb:654:in `call'
activerecord (6.0.6.1) lib/active_record/migration.rb:567:in `call'
actionpack (6.0.6.1) lib/action_dispatch/middleware/callbacks.rb:27:in `block in call'
activesupport (6.0.6.1) lib/active_support/callbacks.rb:101:in `run_callbacks'
actionpack (6.0.6.1) lib/action_dispatch/middleware/callbacks.rb:26:in `call'
actionpack (6.0.6.1) lib/action_dispatch/middleware/executor.rb:14:in `call'
actionpack (6.0.6.1) lib/action_dispatch/middleware/actionable_exceptions.rb:18:in `call'
actionpack (6.0.6.1) lib/action_dispatch/middleware/debug_exceptions.rb:32:in `call'
web-console (4.2.0) lib/web_console/middleware.rb:132:in `call_app'
web-console (4.2.0) lib/web_console/middleware.rb:28:in `block in call'
web-console (4.2.0) lib/web_console/middleware.rb:17:in `catch'
web-console (4.2.0) lib/web_console/middleware.rb:17:in `call'
actionpack (6.0.6.1) lib/action_dispatch/middleware/show_exceptions.rb:33:in `call'
railties (6.0.6.1) lib/rails/rack/logger.rb:37:in `call_app'
railties (6.0.6.1) lib/rails/rack/logger.rb:26:in `block in call'
activesupport (6.0.6.1) lib/active_support/tagged_logging.rb:80:in `block in tagged'
activesupport (6.0.6.1) lib/active_support/tagged_logging.rb:28:in `tagged'
activesupport (6.0.6.1) lib/active_support/tagged_logging.rb:80:in `tagged'
railties (6.0.6.1) lib/rails/rack/logger.rb:26:in `call'
sprockets-rails (3.4.2) lib/sprockets/rails/quiet_assets.rb:13:in `call'
actionpack (6.0.6.1) lib/action_dispatch/middleware/remote_ip.rb:81:in `call'
actionpack (6.0.6.1) lib/action_dispatch/middleware/request_id.rb:27:in `call'
rack (2.2.8) lib/rack/method_override.rb:24:in `call'
rack (2.2.8) lib/rack/runtime.rb:22:in `call'
activesupport (6.0.6.1) lib/active_support/cache/strategy/local_cache_middleware.rb:29:in `call'
actionpack (6.0.6.1) lib/action_dispatch/middleware/executor.rb:14:in `call'
actionpack (6.0.6.1) lib/action_dispatch/middleware/static.rb:126:in `call'
rack (2.2.8) lib/rack/sendfile.rb:110:in `call'
actionpack (6.0.6.1) lib/action_dispatch/middleware/host_authorization.rb:103:in `call'
webpacker (4.3.0) lib/webpacker/dev_server_proxy.rb:23:in `perform_request'
rack-proxy (0.7.6) lib/rack/proxy.rb:87:in `call'
railties (6.0.6.1) lib/rails/engine.rb:527:in `call'
puma (4.3.12) lib/puma/configuration.rb:228:in `call'
puma (4.3.12) lib/puma/server.rb:727:in `handle_request'
puma (4.3.12) lib/puma/server.rb:476:in `process_client'
puma (4.3.12) lib/puma/server.rb:332:in `block in run'
puma (4.3.12) lib/puma/thread_pool.rb:134:in `block in spawn_thread'
Started GET "/" for ::1 at 2023-08-01 21:33:33 +0530
  [1m[35m (0.1ms)[0m  [1m[34mSELECT sqlite_version(*)[0m
Processing by ApplicationController#hello as HTML
  Rendering html template
  Rendered html template (Duration: 0.0ms | Allocations: 4)
Completed 200 OK in 2ms (Views: 1.5ms | ActiveRecord: 0.0ms | Allocations: 645)


Started GET "/" for ::1 at 2023-08-01 21:35:06 +0530
  [1m[35m (0.1ms)[0m  [1m[34mSELECT sqlite_version(*)[0m
Processing by PagesController#hello as HTML
  Rendering html template
  Rendered html template (Duration: 0.0ms | Allocations: 2)
Completed 200 OK in 1ms (Views: 0.4ms | ActiveRecord: 0.0ms | Allocations: 397)


Started GET "/" for ::1 at 2023-08-01 21:35:22 +0530
  [1m[35m (0.1ms)[0m  [1m[34mSELECT sqlite_version(*)[0m
Processing by PagesController#home as HTML
  Rendering html template
  Rendered html template (Duration: 0.0ms | Allocations: 2)
Completed 200 OK in 1ms (Views: 0.6ms | ActiveRecord: 0.0ms | Allocations: 395)


Started GET "/" for ::1 at 2023-08-01 21:35:41 +0530
  [1m[35m (0.1ms)[0m  [1m[34mSELECT sqlite_version(*)[0m
Processing by PagesController#home as HTML
  Rendering pages/home.html.erb within layouts/application
  Rendered pages/home.html.erb within layouts/application (Duration: 0.2ms | Allocations: 69)
[Webpacker] Compiling...
[Webpacker] Compilation failed:
yarn run v1.22.19
info Visit https://yarnpkg.com/en/docs/cli/run for documentation about this command.


error Command "webpack" not found.

Completed 500 Internal Server Error in 687ms (ActiveRecord: 0.0ms | Allocations: 19320)


  
ActionView::Template::Error (Webpacker can't find application in /Users/aniketraj/Desktop/Cogoport/RoR-Learning/myapp/public/packs/manifest.json. Possible causes:
1. You want to set webpacker.yml value of compile to true for your environment
   unless you are using the `webpack -w` or the webpack-dev-server.
2. webpack has not yet re-run to reflect updates.
3. You have misconfigured Webpacker's config/webpacker.yml file.
4. Your webpack configuration is not creating a manifest.
Your manifest contains:
{
}
):
     6:     <%= csp_meta_tag %>
     7: 
     8:     <%= stylesheet_link_tag 'application', media: 'all', 'data-turbolinks-track': 'reload' %>
     9:     <%= javascript_pack_tag 'application', 'data-turbolinks-track': 'reload' %>
    10:   </head>
    11: 
    12:   <body>
  
app/views/layouts/application.html.erb:9
Started GET "/" for ::1 at 2023-08-01 22:06:14 +0530
  [1m[35m (0.5ms)[0m  [1m[34mSELECT sqlite_version(*)[0m
Processing by PagesController#home as HTML
  Rendering pages/home.html.erb within layouts/application
  Rendered pages/home.html.erb within layouts/application (Duration: 0.6ms | Allocations: 179)
[Webpacker] Compiling...
[Webpacker] Compilation failed:
yarn run v1.22.19
info Visit https://yarnpkg.com/en/docs/cli/run for documentation about this command.


error Command "webpack" not found.

Completed 500 Internal Server Error in 715ms (ActiveRecord: 0.0ms | Allocations: 12831)


  
ActionView::Template::Error (Webpacker can't find application in /Users/aniketraj/Desktop/Cogoport/RoR-Learning/myapp/public/packs/manifest.json. Possible causes:
1. You want to set webpacker.yml value of compile to true for your environment
   unless you are using the `webpack -w` or the webpack-dev-server.
2. webpack has not yet re-run to reflect updates.
3. You have misconfigured Webpacker's config/webpacker.yml file.
4. Your webpack configuration is not creating a manifest.
Your manifest contains:
{
}
):
     6:     <%= csp_meta_tag %>
     7: 
     8:     <%= stylesheet_link_tag 'application', media: 'all', 'data-turbolinks-track': 'reload' %>
     9:     <%= javascript_pack_tag 'application', 'data-turbolinks-track': 'reload' %>
    10:   </head>
    11: 
    12:   <body>
  
app/views/layouts/application.html.erb:9
Started GET "/" for ::1 at 2023-08-01 23:56:19 +0530
  [1m[35m (0.4ms)[0m  [1m[34mSELECT sqlite_version(*)[0m
Processing by PagesController#home as HTML
  Rendering pages/home.html.erb within layouts/application
  Rendered pages/home.html.erb within layouts/application (Duration: 0.5ms | Allocations: 179)
[Webpacker] Compiling...
[Webpacker] Compilation failed:
yarn run v1.22.19
info Visit https://yarnpkg.com/en/docs/cli/run for documentation about this command.


error Command "webpack" not found.

Completed 500 Internal Server Error in 678ms (ActiveRecord: 0.0ms | Allocations: 10478)


  
ActionView::Template::Error (Webpacker can't find application in /Users/aniketraj/Desktop/Cogoport/RoR-Learning/myapp/public/packs/manifest.json. Possible causes:
1. You want to set webpacker.yml value of compile to true for your environment
   unless you are using the `webpack -w` or the webpack-dev-server.
2. webpack has not yet re-run to reflect updates.
3. You have misconfigured Webpacker's config/webpacker.yml file.
4. Your webpack configuration is not creating a manifest.
Your manifest contains:
{
}
):
     6:     <%= csp_meta_tag %>
     7: 
     8:     <%= stylesheet_link_tag 'application', media: 'all', 'data-turbolinks-track': 'reload' %>
     9:     <%= javascript_pack_tag 'application', 'data-turbolinks-track': 'reload' %>
    10:   </head>
    11: 
    12:   <body>
  
app/views/layouts/application.html.erb:9
Started GET "/" for ::1 at 2023-08-02 00:03:25 +0530
  [1m[35m (0.9ms)[0m  [1m[34mSELECT sqlite_version(*)[0m
Processing by PagesController#home as HTML
  Rendering pages/home.html.erb within layouts/application
  Rendered pages/home.html.erb within layouts/application (Duration: 0.5ms | Allocations: 179)
[Webpacker] Compiling...
[Webpacker] Compilation failed:
yarn run v1.22.19
info Visit https://yarnpkg.com/en/docs/cli/run for documentation about this command.


error Command "webpack" not found.

Completed 500 Internal Server Error in 849ms (ActiveRecord: 0.0ms | Allocations: 10471)


  
ActionView::Template::Error (Webpacker can't find application in /Users/aniketraj/Desktop/Cogoport/RoR-Learning/myapp/public/packs/manifest.json. Possible causes:
1. You want to set webpacker.yml value of compile to true for your environment
   unless you are using the `webpack -w` or the webpack-dev-server.
2. webpack has not yet re-run to reflect updates.
3. You have misconfigured Webpacker's config/webpacker.yml file.
4. Your webpack configuration is not creating a manifest.
Your manifest contains:
{
}
):
     6:     <%= csp_meta_tag %>
     7: 
     8:     <%= stylesheet_link_tag 'application', media: 'all', 'data-turbolinks-track': 'reload' %>
     9:     <%= javascript_pack_tag 'application', 'data-turbolinks-track': 'reload' %>
    10:   </head>
    11: 
    12:   <body>
  
app/views/layouts/application.html.erb:9
Started GET "/" for ::1 at 2023-08-02 00:07:06 +0530
  [1m[35m (0.4ms)[0m  [1m[34mSELECT sqlite_version(*)[0m
Processing by PagesController#home as HTML
  Rendering pages/home.html.erb within layouts/application
  Rendered pages/home.html.erb within layouts/application (Duration: 0.6ms | Allocations: 179)
[Webpacker] Compiling...
[Webpacker] Compilation failed:
[webpack-cli] Failed to load '/Users/aniketraj/Desktop/Cogoport/RoR-Learning/myapp/config/webpack/development.js' config
[webpack-cli] Error: Cannot find module '@rails/webpacker'
Require stack:
- /Users/aniketraj/Desktop/Cogoport/RoR-Learning/myapp/config/webpack/environment.js
- /Users/aniketraj/Desktop/Cogoport/RoR-Learning/myapp/config/webpack/development.js
- /Users/aniketraj/Desktop/Cogoport/RoR-Learning/myapp/node_modules/webpack-cli/lib/webpack-cli.js
- /Users/aniketraj/Desktop/Cogoport/RoR-Learning/myapp/node_modules/webpack-cli/lib/bootstrap.js
- /Users/aniketraj/Desktop/Cogoport/RoR-Learning/myapp/node_modules/webpack-cli/bin/cli.js
- /Users/aniketraj/Desktop/Cogoport/RoR-Learning/myapp/node_modules/webpack/bin/webpack.js
    at Function.Module._resolveFilename (node:internal/modules/cjs/loader:941:15)
    at Function.Module._load (node:internal/modules/cjs/loader:774:27)
    at Module.require (node:internal/modules/cjs/loader:1013:19)
    at require (node:internal/modules/cjs/helpers:93:18)
    at Object.<anonymous> (/Users/aniketraj/Desktop/Cogoport/RoR-Learning/myapp/config/webpack/environment.js:1:25)
    at Module._compile (node:internal/modules/cjs/loader:1109:14)
    at Object.Module._extensions..js (node:internal/modules/cjs/loader:1138:10)
    at Module.load (node:internal/modules/cjs/loader:989:32)
    at Function.Module._load (node:internal/modules/cjs/loader:829:14)
    at Module.require (node:internal/modules/cjs/loader:1013:19) {
  code: 'MODULE_NOT_FOUND',
  requireStack: [
    '/Users/aniketraj/Desktop/Cogoport/RoR-Learning/myapp/config/webpack/environment.js',
    '/Users/aniketraj/Desktop/Cogoport/RoR-Learning/myapp/config/webpack/development.js',
    '/Users/aniketraj/Desktop/Cogoport/RoR-Learning/myapp/node_modules/webpack-cli/lib/webpack-cli.js',
    '/Users/aniketraj/Desktop/Cogoport/RoR-Learning/myapp/node_modules/webpack-cli/lib/bootstrap.js',
    '/Users/aniketraj/Desktop/Cogoport/RoR-Learning/myapp/node_modules/webpack-cli/bin/cli.js',
    '/Users/aniketraj/Desktop/Cogoport/RoR-Learning/myapp/node_modules/webpack/bin/webpack.js'
  ]
}

Completed 500 Internal Server Error in 1075ms (ActiveRecord: 0.0ms | Allocations: 10478)


  
ActionView::Template::Error (Webpacker can't find application in /Users/aniketraj/Desktop/Cogoport/RoR-Learning/myapp/public/packs/manifest.json. Possible causes:
1. You want to set webpacker.yml value of compile to true for your environment
   unless you are using the `webpack -w` or the webpack-dev-server.
2. webpack has not yet re-run to reflect updates.
3. You have misconfigured Webpacker's config/webpacker.yml file.
4. Your webpack configuration is not creating a manifest.
Your manifest contains:
{
}
):
     6:     <%= csp_meta_tag %>
     7: 
     8:     <%= stylesheet_link_tag 'application', media: 'all', 'data-turbolinks-track': 'reload' %>
     9:     <%= javascript_pack_tag 'application', 'data-turbolinks-track': 'reload' %>
    10:   </head>
    11: 
    12:   <body>
  
app/views/layouts/application.html.erb:9
